<?xml version="1.0" encoding="UTF-8"?>
<!-- Generated by org.testng.reporters.JUnitReportReporter -->
<testsuite hostname="SVS" failures="0" tests="1" name="com.launchbrowser.amazon" time="0.170" errors="0" timestamp="2022-08-03T10:51:53 PDT" skipped="0">
  <testcase classname="com.launchbrowser.amazon" name="AmazonOnlineLoadedSuccessfully" time="0.170"/>
  <system-out/>
</testsuite> <!-- com.launchbrowser.amazon -->
